g:\cplusplusproject\tpointer\tpointerconsole\tpointerconsole\debug\tpointerconsole.pch.codeanalysis
g:\cplusplusproject\tpointer\tpointerconsole\tpointerconsole\debug\vc140.pdb
g:\cplusplusproject\tpointer\tpointerconsole\tpointerconsole\debug\vc140.idb
g:\cplusplusproject\tpointer\tpointerconsole\tpointerconsole\debug\tpointerconsole.pch.codeanalysisast
g:\cplusplusproject\tpointer\tpointerconsole\tpointerconsole\debug\stdafx.nativecodeanalysis.xml
g:\cplusplusproject\tpointer\tpointerconsole\tpointerconsole\debug\stdafx.obj
g:\cplusplusproject\tpointer\tpointerconsole\tpointerconsole\debug\tpointerconsole.pch
g:\cplusplusproject\tpointer\tpointerconsole\tpointerconsole\debug\tpointerconsole.nativecodeanalysis.xml
g:\cplusplusproject\tpointer\tpointerconsole\tpointerconsole\debug\array.obj
g:\cplusplusproject\tpointer\tpointerconsole\tpointerconsole\debug\tpointerconsole.obj
g:\cplusplusproject\tpointer\tpointerconsole\tpointerconsole\debug\ttt.obj
g:\cplusplusproject\tpointer\tpointerconsole\debug\tpointerconsole.ilk
g:\cplusplusproject\tpointer\tpointerconsole\debug\tpointerconsole.exe
g:\cplusplusproject\tpointer\tpointerconsole\debug\tpointerconsole.pdb
g:\cplusplusproject\tpointer\tpointerconsole\tpointerconsole\debug\nativecodeanalysis.read.1.tlog
g:\cplusplusproject\tpointer\tpointerconsole\tpointerconsole\debug\vc.nativecodeanalysis.all.xml
g:\cplusplusproject\tpointer\tpointerconsole\debug\tpointerconsole.exe.lastcodeanalysissucceeded
g:\cplusplusproject\tpointer\tpointerconsole\tpointerconsole\debug\tpointerconsole.tlog\cl.command.1.tlog
g:\cplusplusproject\tpointer\tpointerconsole\tpointerconsole\debug\tpointerconsole.tlog\cl.read.1.tlog
g:\cplusplusproject\tpointer\tpointerconsole\tpointerconsole\debug\tpointerconsole.tlog\cl.write.1.tlog
g:\cplusplusproject\tpointer\tpointerconsole\tpointerconsole\debug\tpointerconsole.tlog\link.command.1.tlog
g:\cplusplusproject\tpointer\tpointerconsole\tpointerconsole\debug\tpointerconsole.tlog\link.read.1.tlog
g:\cplusplusproject\tpointer\tpointerconsole\tpointerconsole\debug\tpointerconsole.tlog\link.write.1.tlog
